SF:lib/data/repositories/repository.dart
DA:7,0
DA:11,0
DA:14,0
DA:16,0
DA:17,0
DA:18,0
DA:19,0
DA:21,0
DA:22,0
DA:26,0
DA:32,0
DA:37,0
DA:38,0
DA:39,0
DA:40,0
DA:42,0
DA:43,0
LF:17
LH:0
end_of_record
SF:lib/data/services/model/available_country.dart
DA:12,1
DA:17,0
DA:18,0
LF:3
LH:1
end_of_record
SF:lib/data/services/model/available_country.g.dart
DA:9,0
DA:10,0
DA:12,0
DA:13,0
DA:14,0
DA:15,0
LF:6
LH:0
end_of_record
SF:lib/result.dart
DA:2,1
DA:13,1
DA:18,0
DA:19,0
DA:24,0
DA:29,0
DA:30,0
LF:7
LH:2
end_of_record
SF:lib/ui/home/home_view_model.dart
DA:8,1
DA:9,3
DA:10,2
DA:16,2
DA:20,1
DA:22,2
DA:24,1
DA:25,2
DA:26,0
DA:30,1
LF:10
LH:9
end_of_record
SF:lib/data/services/model/holiday.dart
DA:12,0
DA:19,0
DA:20,0
LF:3
LH:0
end_of_record
SF:lib/data/services/model/holiday.g.dart
DA:9,0
DA:10,0
DA:11,0
DA:12,0
DA:13,0
DA:16,0
DA:17,0
DA:18,0
DA:19,0
DA:20,0
LF:10
LH:0
end_of_record
SF:lib/command.dart
DA:8,1
DA:13,0
DA:16,0
DA:19,1
DA:20,1
DA:23,1
DA:24,1
DA:25,1
DA:28,2
DA:30,1
DA:31,1
DA:39,1
DA:44,1
DA:45,2
DA:52,0
DA:57,0
DA:58,0
LF:17
LH:12
end_of_record
SF:lib/data/services/api/api_client.dart
DA:10,0
DA:12,0
DA:13,0
DA:14,0
DA:15,0
DA:16,0
DA:19,0
DA:21,0
DA:22,0
DA:26,0
DA:31,0
DA:32,0
DA:34,0
DA:35,0
DA:36,0
DA:38,0
DA:40,0
DA:41,0
LF:18
LH:0
end_of_record
